<?xml version="1.0" encoding="UTF-8" ?>
<testsuite tests="18" failures="0" name="model.DAOTest" time="5.168" errors="0" skipped="0">
  <properties>
[...]
</properties>
  <testcase classname="model.DAOTest" name="getAllOrdersTest" time="1.877"/>
  <testcase classname="model.DAOTest" name="addOrderTest" time="0.172"/>
  <testcase classname="model.DAOTest" name="getCustomerNameByIdTestFail" time="0.154"/>
  <testcase classname="model.DAOTest" name="getPurchaseCostTest" time="0.176"/>
  <testcase classname="model.DAOTest" name="getQuantityFromOrderTest" time="0.25"/>
  <testcase classname="model.DAOTest" name="getProductIdFromOrderTestFail" time="0.091"/>
  <testcase classname="model.DAOTest" name="getAvailableProductListTest" time="0.152"/>
  <testcase classname="model.DAOTest" name="getQuantityFromOrderTestFail" time="0.305"/>
  <testcase classname="model.DAOTest" name="getCustomerNameByIdTest" time="0.094"/>
  <testcase classname="model.DAOTest" name="deleteOrderTestFail" time="0.149"/>
  <testcase classname="model.DAOTest" name="deleteOrderTest" time="0.117"/>
  <testcase classname="model.DAOTest" name="addOrderTestFail" time="0.22"/>
  <testcase classname="model.DAOTest" name="updateOrderTestFail" time="0.193"/>
  <testcase classname="model.DAOTest" name="getLastOrderNumTest" time="0.15"/>
  <testcase classname="model.DAOTest" name="updateOrderTest" time="0.133"/>
  <testcase classname="model.DAOTest" name="getProductIdFromOrderTest" time="0.224"/>
  <testcase classname="model.DAOTest" name="doesCustomerExistsTestFail" time="0.271"/>
  <testcase classname="model.DAOTest" name="doesCustomerExistsTest" time="0.106"/>
</testsuite>